<?xml version="1.0" encoding="UTF-8"?>
<Site BuildName="(empty)"
	BuildStamp="20240630-1823-Experimental"
	Name="asus"
	Generator="ctest-3.16.3"
	CompilerName="/usr/bin/c++"
	CompilerVersion="9.4.0"
	OSName="Linux"
	Hostname="asus"
	OSRelease="5.15.0-113-generic"
	OSVersion="#123~20.04.1-Ubuntu SMP Wed Jun 12 17:33:13 UTC 2024"
	OSPlatform="x86_64"
	Is64Bits="1"
	VendorString="GenuineIntel"
	VendorID="Intel Corporation"
	FamilyID="6"
	ModelID="141"
	ProcessorCacheSize="12288"
	NumberOfLogicalCPU="12"
	NumberOfPhysicalCPU="6"
	TotalVirtualMemory="2047"
	TotalPhysicalMemory="15727"
	LogicalProcessorsPerPhysical="2"
	ProcessorClockFrequency="4101.44"
	>
	<Testing>
		<StartDateTime>Jul 01 01:23 +07</StartDateTime>
		<StartTestTime>1719771823</StartTestTime>
		<TestList/>
		<EndDateTime>Jul 01 01:23 +07</EndDateTime>
		<EndTestTime>1719771823</EndTestTime>
		<ElapsedMinutes>0</ElapsedMinutes>
	</Testing>
</Site>
